<?xml version="1.0" encoding="UTF-8"?>
<testsuite xmlns:xsi="http://www.w3.org/2001/XMLSchema-instance" xsi:schemaLocation="https://maven.apache.org/surefire/maven-surefire-plugin/xsd/surefire-test-report.xsd" name="TestSuite" time="76.46" tests="4" errors="0" skipped="2" failures="1">
  <properties>
[...]
</properties>
  <testcase name="setUp" classname="Bar.Testgrid" time="4.447">
    <failure message="unknown error: Chrome failed to start: crashed.&#10;  (unknown error: DevToolsActivePort file doesn&apos;t exist)&#10;  (The process started from chrome location /usr/bin/google-chrome is no longer running, so ChromeDriver is assuming that Chrome has crashed.)&#10;Build info: version: &apos;3.141.59&apos;, revision: &apos;e82be7d358&apos;, time: &apos;2018-11-14T08:25:53&apos;&#10;System info: host: &apos;ddd4ba0c3693&apos;, ip: &apos;172.18.0.4&apos;, os.name: &apos;Linux&apos;, os.arch: &apos;amd64&apos;, os.version: &apos;5.4.72-microsoft-standard-WSL2&apos;, java.version: &apos;1.8.0_282&apos;&#10;Driver info: driver.version: unknown&#10;remote stacktrace: #0 0x55a29b250e89 &lt;unknown&gt;&#10;&#10;Command duration or timeout: 2.17 seconds" type="org.openqa.selenium.WebDriverException"><![CDATA[org.openqa.selenium.WebDriverException: 
unknown error: Chrome failed to start: crashed.
  (unknown error: DevToolsActivePort file doesn't exist)
  (The process started from chrome location /usr/bin/google-chrome is no longer running, so ChromeDriver is assuming that Chrome has crashed.)
Build info: version: '3.141.59', revision: 'e82be7d358', time: '2018-11-14T08:25:53'
System info: host: 'ddd4ba0c3693', ip: '172.18.0.4', os.name: 'Linux', os.arch: 'amd64', os.version: '5.4.72-microsoft-standard-WSL2', java.version: '1.8.0_282'
Driver info: driver.version: unknown
remote stacktrace: #0 0x55a29b250e89 <unknown>

Command duration or timeout: 2.17 seconds
Caused by: org.openqa.selenium.WebDriverException: 
unknown error: Chrome failed to start: crashed.
  (unknown error: DevToolsActivePort file doesn't exist)
  (The process started from chrome location /usr/bin/google-chrome is no longer running, so ChromeDriver is assuming that Chrome has crashed.)
Build info: version: '3.141.59', revision: 'e82be7d358', time: '2018-11-14T08:25:53'
System info: host: 'ddd4ba0c3693', ip: '172.18.0.4', os.name: 'Linux', os.arch: 'amd64', os.version: '5.4.72-microsoft-standard-WSL2', java.version: '1.8.0_282'
Driver info: driver.version: unknown
remote stacktrace: #0 0x55a29b250e89 <unknown>

Build info: version: '3.141.59', revision: 'e82be7d358', time: '2018-11-14T08:17:03'
System info: host: 'DESKTOP-8PA2AS0', ip: '192.168.1.5', os.name: 'Windows 10', os.arch: 'amd64', os.version: '10.0', java.version: '15.0.2'
Driver info: driver.version: unknown
]]></failure>
  </testcase>
  <testcase name="CheckfreeText" classname="Bar.Testgrid" time="0">
    <skipped message="unknown error: Chrome failed to start: crashed.&#10;  (unknown error: DevToolsActivePort file doesn&apos;t exist)&#10;  (The process started from chrome location /usr/bin/google-chrome is no longer running, so ChromeDriver is assuming that Chrome has crashed.)&#10;Build info: version: &apos;3.141.59&apos;, revision: &apos;e82be7d358&apos;, time: &apos;2018-11-14T08:25:53&apos;&#10;System info: host: &apos;ddd4ba0c3693&apos;, ip: &apos;172.18.0.4&apos;, os.name: &apos;Linux&apos;, os.arch: &apos;amd64&apos;, os.version: &apos;5.4.72-microsoft-standard-WSL2&apos;, java.version: &apos;1.8.0_282&apos;&#10;Driver info: driver.version: unknown&#10;remote stacktrace: #0 0x55a29b250e89 &lt;unknown&gt;&#10;&#10;Command duration or timeout: 2.17 seconds"/>
  </testcase>
  <testcase name="CheckfreeText" classname="Bar.Testgrid" time="0.016"/>
  <testcase name="stopDriver" classname="Bar.Testgrid" time="0">
    <skipped/>
  </testcase>
</testsuite>